errtrap-mod ("?ERROR?") (q e s f c is-told tell data-rel) 
((COPYRIGHT 1984 LPA V3-15))
((P-code 0 "Arithmetic overflow"))
((P-code 1 "Arithmetic underflow"))
((P-code 2 "No clauses for relation"))
((P-code 3 "Invalid form of use"))
((P-code 4 "Error in adding or deleting clause"))
((P-code 5 "File error"))
((P-code 6 "Too many files opened at once"))
((P-code 7 "Close all files first"))
((P-code 8 "Bad data in file"))
((P-code 9 "Write error"))
((P-code 10 "Disk or directory is full"))
((P-code 11 "Break !"))
((P-code 12 "Illegal use of modules"))
((P-code X " "))
(("?ERROR?" 2 (X|Y))
  (CL ((data-rel X)))/FAIL)
(("?ERROR?" X Y)
  (P-code X Z)/
  (P Error X Z)(PP)(PP trying Y)
  (P "error&(? for info)") RCLEAR (INTOK "CON:" x)(respond x Y))
((respond q X)
  (ABORT))
((respond e X)
  /(RFILL (X) Y)Y)
((respond c X)
 / X)
((respond tell (X|X1))/
  (ADDCL ((X|X2) (is-told (X X2))))
  (X|X1))
((respond f X)/FAIL)
((respond s X)/)
((respond / X)/
  (R x)(R Y)
  (x Y)
  (P "error&") (INTOK "CON:" Z)
  (respond Z X))
((respond y (Y|Y1))
  (PP to quit enter: q )
  (PP to fail call enter:f)
  (PP to succeed call enter:s)
  (PP to line edit call and resume enter:e)
  (P or enter / "<any command>" (eg / add "<clause>",/ LOAD file))(PP)
  (PP or enter:tell(see manual))
  (PP to resume enter: c)
  (P "error&")(INTOK "CON:" x)
  (respond x (Y|Y1)))
CLMOD
P)
  (PP or enter:tell(see manual))
  (PP to resume enter: c)
  (P "error&")(INTOK "CON:" x)
  (respond x (Y|Y1)))
CL