((moeglich X Y)
  (PATH X Y () Z)
  (P "ES IST MOEGLICH, VON ")
  (P X)
  (P " NACH ")
  (P Y)
  (P " ZU KOMMEN.")
  (PP)
  (P "DIE LOESUNG DAFUER IST : ")
  (PP)
  (write Z))
((loese fwzk)
  (PATH (N N N N) (S S S S) () X)
  (P "DIE LOESUNG IST:")
  (PP)
  (write X))
((write ((F X)|Y))
  (P "FAEHRMANN FAEHRT ALLEIN NACH ")
  (IF (EQ X S) ((PP SUEDEN)) ((PP NORDEN)))
  (write Y))
((write ((FW X)|Y))
  (P "FAEHRMANN FAEHRT MIT WOLF NACH ")
  (IF (EQ X S) ((PP SUEDEN)) ((PP NORDEN)))
  (write Y))
((write ((FZ X)|Y))
  (P "FAEHRMANN FAEHRT MIT ZIEGE NACH ")
  (IF (EQ X S) ((PP SUEDEN)) ((PP NORDEN)))
  (write Y))
((write ((FK X)|Y))
  (P "FAEHRMANN FAEHRT MIT KOHLKOPF NACH ")
  (IF (EQ X S) ((PP SUEDEN)) ((PP NORDEN)))
  (write Y))
((write ())
  (P "PROBLEM GELOEST ! ")
  (PP))
((MEM X (X|Y)))
((MEM X (Y|Z))
  (MEM X Z))
((PATH X X Y ()))
((PATH X Y Z (x|y))
  (MOVE X x z)
  (NOT MEM z Z)
  (SAFE z)
  (PATH z Y (z|Z) y))
((MOVE (X Y Z x) (F y) (y Y Z x))
  (OPP y X))
((MOVE (X X Y Z) (FW x) (x x Y Z))
  (OPP x X))
((MOVE (X Y X Z) (FZ x) (x Y x Z))
  (OPP x X))
((MOVE (X Y Z X) (FK x) (x Y Z x))
  (OPP x X))
((SAFE (X Y X Z)))
((SAFE (X X Y X))
  (OPP X Y))
((OPP S N))
((OPP N S))
MOVE (X Y Z X) (FK x) (x 