((zug (1 1 1 1|X) (2 1 1|X)))
((zug (1 1 1 1|X) (1 1 2|X)))
((zug (1 2 1|X) (2 2|X)))
((zug (X|Y) (X|Z))
  (zug Y Z))
((suche X X (X)))
((suche X Y (X|Z))
  (zug X x)
  (suche x Y Z))
((gen X Y Z)
  (LESS Y 1)
  /
  FAIL)
((gen X 1 (X))
  /)
((gen X Y (X|Z))
  (SUM Y -1 x)
  (gen X x Z))
((paare X)
  (TIMES X 2 Y)
  (gen 1 Y Z)
  (gen 2 X x)
  (suche Z x y)
  (CHAROF z 7)
  (P z)
  (aus y)
  (ADDCL ((paare X) (aus y)) 0))
((paare X)
  (CHAROF Y 7)
  (P Y)
  (P " keine Loesung!")
  (PP))
((aus ()))
((aus (X|Y))
  (P X)
  (PP)
  (aus Y))

((paare X)
  (CHAROF Y 7)
  (P Y)
  (P " keine Loesung!"