((q X Y Z)
  (w X)
  (w Y)
  (NOT EQ X Y)
  (STRINGOF x X)
  (STRINGOF y Y)
  (nr 2 x z)
  (nr 1 y z)
  (w Z)
  (NOT EQ X Z)
  (NOT EQ Y Z)
  (STRINGOF X1 Z)
  (nr 3 x Y1)
  (nr 1 X1 Y1)
  (nr 3 y Z1)
  (nr 2 X1 Z1))
((nr 1 (X|Y) X))
((nr X (Y|Z) x)
  (SUM y 1 X)
  (nr y Z x))
((a)
  (q X Y Z)
  (PP X)
  (PP Y)
  (PP Z)
  (PP ---)
  (FAIL))
((a))
((w ANI))
((w ARA))
((w AST))
((w GAR))
((w GIN))
((w TAG))
((w TAU))
((w UTA))
((w ERN))
((w UHU))
((w ULM))
((w GUT))
((w IMI))
((w MUT))
((w ROT))
((w RAT))
((w UDO))
((w DON))
((w ODE))
((w NEU))
RN))
((w UHU))
((w ULM))
((w GUT))
((w