((queen)
  (PP Anzahl der Damen :)
  (R X)
  (start X Y)
  (perm Y Z)
  (pair Y Z x)
  (safe x)
  (PP x))
((start 0 ()))
((start X (X|Y))
  (SUM Z 1 X)
  (start Z Y))
((perm () ()))
((perm (X|Y) (Z|x))
  (delete Z (X|Y) y)
  (perm y x))
((pair () () ()))
((pair (X|Y) (Z|x) ((feld X Z)|y))
  (pair Y x y))
((safe ()))
((safe (X|Y))
  (check X Y)
  (safe Y))
((delete X (X|Y) Y))
((delete X (Y|Z) (Y|x))
  (delete X Z x))
((check X ()))
((check X (Y|Z))
  (notdiagonal X Y)
  (check X Z))
((notdiagonal (feld X Y) (feld Z x))
  (SUM y Z X)
  (SUM z x Y)
  (NOT EQ y z)
  (SUM X1 Y x)
  (NOT EQ y X1))
k X