((split X () () ()))
((split X (Y|Z) (Y|x) y)
  (LESS Y X)
  (split X Z x y))
((split X (Y|Z) x (Y|y))
  (NOT LESS Y X)
  (split X Z x y))
((qsort1 () ()))
((qsort1 (X|Y) Z)
  (split X Y x y)
  (qsort1 x z)
  (qsort1 y X1)
  (app z (X|X1) Z))
((qsort X)
  (qsort1 X Y)
  (P Y)
  (PP))
((mem X (X|Y)))
((mem X (Y|Z))
  (mem X Z))
((min X (X)))
((min X (Y|Z))
  (mem X (Y|Z))
  (NOT LESS Y X)
  (min x Z)
  (NOT LESS x X))
((sort1 () ()))
((sort1 X (Y|Z))
  (min Y X)
  (del X Y x)
  (sort1 x Z))
((sort X)
  (sort1 X Y)
  (P Y)
  (PP))
((app () X X))
((app (X|Y) Z (X|x))
  (app Y Z x))
((del X Y Z)
  (app x (Y|y) X)
  (app x y Z))
((ordered (X)))
((ordered (X Y|Z))
  (NOT LESS Y X)
  (ordered (Y|Z)))
((perm () ()))
((perm (X|Y) Z)
  (del Z X x)
  (perm Y x))
((nsort1 X Y)
  (perm Y X)
  (ordered Y))
((nsort X)
  (nsort1 X Y)
  (P Y)
  (PP))
) Z)
  (del Z X x)
  (perm Y x))
((nsort1 X Y)
  (perm Y X)
  (ordered Y))
((nsort X)
  (nsort1 X Y)
  (P Y)
  (