((spypoints on))
spytrace-mod (spy unspy spying )(spypoints on off)
((COPYRIGHT 1983 LPA LTD (V 13-4)))
((goal 0))
((spying on) (KILL spypoints)
  (ADDCL ((spypoints on )))) 
((spying off) (KILL spypoints)
  (ADDCL ((spypoints off))))  
((reset Z)
  (DELCL ((goal Y)))
  (ADDCL ((goal Z))))
((upgoal X)
  (DELCL ((goal X)))
  (SUM X 1 Y)
  (ADDCL ((goal Y))))
((spying X Y)
  (upgoal Z)
  (OR ((PP Z : X Y)) ((PP Z backtracking on X Y)(reset Z)FAIL))
  (CL ((X|Y)|y) 1 z)(NOT EQ y ((spypoints on)(/)|y1))
  (PP Z matches sentence z)
  (APPEND y ((PP Z solved : X Y)) X1)|X1)
((spy X)(CON X)
  (ADDCL ((X|Y)(spypoints on) (/)(spying X Y)) 0))
((unspy X)(CON X)(DELCL ((X|Y)(spypoints on)(/)(spying X Y))))
((APPEND () X X)/)
((APPEND (x|Y) Z (x|Y1))
  (APPEND Y Z Y1))
CLMOD
(CON X)(DELCL ((X|Y)(spypoints on)(/)(spying X Y))))
((APPEND () X X)/)
((APPEND (x|Y) Z (x