told-mod (is-told)(yes no just ans)
((COPYRIGHT 1983 LPA LTD (V 29-1)))
((is-told X)( LST X)/(told X))
((is-told |X)(told X))
((told X)(P |X)(P " ? ")
  (R Y)(answer X Y))
((answer X yes)/)
((answer X no)/FAIL)
((answer X just)/(match X))
((answer X ans) (match X)) 
((answer X x) (NOT EQ x ans)(P x ignored - enter: yes/no/ans ...
  /just ...)(PP)FAIL)
((answer X x)(told X)) 
((match ())/)
((match (x|X))
  (VAR x)/(R x)(match X))
((match ((x|y)|X))/
  (match (x|y))
  (match X))
((match (x|X))
  (match X))
CLMOD
ch (x|X))
  (VAR x)/(R x)(match X))
((match ((x|y)|X))/
  (match (x|y))
  (match X))
((match (x|