transl-mod(transl)(read_cl append . p r o "~"") 


((transl X)(derive_names (X) Y Z)
  (OPEN Y)(era Z)
  (CREATE Z)
  (P "translating  => " Y)(PP)(P "line         => ")
  (transl1 Y Z)
  (CLOSE Y)(CLOSE Z)
  (P "translation complete")(PP))
((transl1 X Y)(read_cl Z x X)/(transl2 X Y Z))
((transl1 X Y))
((transl2 X Y Z)(NOT VAR Z)/
             (SEEK Y x)
             (WRITE Y (Z))
             (transl1 X Y))
((transl2 X Y Z))

((derive_names X Y Z)
  (WLST x X)
  (append y (. p r o |z) x)/ (EQ X (Y))
  (append y (. l o g |z) X1)(RLST X1 Z))
((derive_names X Y Z)
  (WLST x X)
  (append y ("~"") x)/(append y (. p r o "~"") z)(RLST z Y)
  (append y (. l o g "~"") X1)(RLST X1 Z))
((derive_names X Y Z)
  (WLST x X)
  (append ("~"" |x) (. p r o "~"") y)(RLST y Y)
  (append ("~"" |x) (. l o g "~"") z)(RLST z Z))

((era X)(ERA X)/(era X))
((era X))
CLMOD
