user-mod
("<USER>")()
(("<USER>")
  (CMOD X)
  (P X)
  (R Y)
  (check Y)/
  ("<USER>"))
((check !)
  (last X)
  (RFILL X Y)
  (check Y))
((check X)
  (CON X)
  (R Y)
  (save (X Y))
  (do X Y))
((check (X|Y))
  (save ((X|Y)))
  (ADDCL (X|Y)))
((check X)
  (PP ?))
((do QT X)/
  (ask quit)
  QT)
((do KILL ALL)/
  (ask all) 
  (KILL ALL))
((do |X)
  X)
((ask X)
  (P X "?(y/n) ")(PP)
  RCLEAR
  (GETB "KBD:" Y)
  (EQ Y 121))
((last ()))
((save X)
  (KILL last)
  (ADDCL ((last X))))
CLMOD"?(y/n) ")(PP)
  RCLEAR
  (GETB "KBD:" Y)
  (EQ Y 121))
((last ()))
((save X)
  (KILL last)
  (ADDCL ((last